<?xml version="1.0" encoding="UTF-8"?>
<testng-results ignored="0" total="1" passed="1" failed="0" skipped="0">
  <reporter-output>
  </reporter-output>
  <suite started-at="2022-02-18T14:22:50 IST" name="Default suite" finished-at="2022-02-18T14:22:53 IST" duration-ms="2664">
    <groups>
    </groups>
    <test started-at="2022-02-18T14:22:50 IST" name="Default test" finished-at="2022-02-18T14:22:53 IST" duration-ms="2664">
      <class name="tests.regresTest">
        <test-method signature="createUserTest()[pri:0, instance:tests.regresTest@2f8dad04]" started-at="2022-02-18T14:22:50 IST" name="createUserTest" finished-at="2022-02-18T14:22:53 IST" duration-ms="2631" status="PASS">
          <reporter-output>
          </reporter-output>
        </test-method> <!-- createUserTest -->
      </class> <!-- tests.regresTest -->
    </test> <!-- Default test -->
  </suite> <!-- Default suite -->
</testng-results>
